<?xml version="1.0" encoding="UTF-8"?>
<!-- Generated by org.testng.reporters.JUnitReportReporter -->
<testsuite hostname="5CG9378HNN" failures="0" tests="1" name="com.obsqura.TestNGframework.TableHead" time="6.472" errors="0" timestamp="2023-07-15T16:49:13 IST" skipped="0">
  <testcase classname="com.obsqura.TestNGframework.TableHead" name="table" time="6.472"/>
  <system-out/>
</testsuite> <!-- com.obsqura.TestNGframework.TableHead -->
