<?xml version="1.0" encoding="UTF-8"?>
<!-- Generated by org.testng.reporters.JUnitReportReporter -->
<testsuite hostname="5CG9378HNN" failures="0" tests="1" name="com.obsqura.TestNGframework.ActionClass" time="8.217" errors="0" timestamp="2023-07-15T16:22:31 IST" skipped="0">
  <testcase classname="com.obsqura.TestNGframework.ActionClass" name="actionClass" time="8.217"/>
  <system-out/>
</testsuite> <!-- com.obsqura.TestNGframework.ActionClass -->
