<?xml version="1.0" encoding="UTF-8"?>
<!-- Generated by org.testng.reporters.JUnitReportReporter -->
<testsuite hostname="5CG9378HNN" failures="0" tests="1" name="com.obsqura.TestNGframework.RadioButton" time="7.115" errors="0" timestamp="2023-07-11T16:56:53 IST" skipped="0">
  <testcase classname="com.obsqura.TestNGframework.RadioButton" name="radioButton" time="7.115"/>
  <system-out/>
</testsuite> <!-- com.obsqura.TestNGframework.RadioButton -->
