<?xml version="1.0" encoding="UTF-8"?>
<!-- Generated by org.testng.reporters.JUnitReportReporter -->
<testsuite hostname="5CG9378HNN" failures="0" tests="1" name="com.obsqura.TestNGframework.CheckBoxDemo" time="7.344" errors="0" timestamp="2023-07-11T23:48:24 IST" skipped="0">
  <testcase classname="com.obsqura.TestNGframework.CheckBoxDemo" name="verifySelectAllButtonOfmultipleCheckBoxDemo" time="7.344"/>
  <system-out/>
</testsuite> <!-- com.obsqura.TestNGframework.CheckBoxDemo -->
