<?xml version="1.0" encoding="UTF-8"?>
<!-- Generated by org.testng.reporters.JUnitReportReporter -->
<testsuite hostname="5CG9378HNN" failures="0" tests="2" name="com.obsqura.AssignmentTestNG.SampleTestNGannotations" time="13.095" errors="0" timestamp="2023-07-05T23:08:59 IST" skipped="0">
  <testcase classname="com.obsqura.AssignmentTestNG.SampleTestNGannotations" name="testCase2" time="6.689"/>
  <system-out/>
  <testcase classname="com.obsqura.AssignmentTestNG.SampleTestNGannotations" name="testCase1" time="6.406"/>
  <system-out/>
</testsuite> <!-- com.obsqura.AssignmentTestNG.SampleTestNGannotations -->
