<?xml version="1.0" encoding="UTF-8"?>
<!-- Generated by org.testng.reporters.JUnitReportReporter -->
<testsuite hostname="5CG9378HNN" failures="0" tests="1" name="com.obsqura.TestNGframework.AssertionA" time="1455.473" errors="0" timestamp="2023-07-10T20:55:45 IST" skipped="0">
  <testcase classname="com.obsqura.TestNGframework.AssertionA" name="verifyWhethertheTextFieldEnterValueAAllinedAboveEnterValueBTextField" time="1455.473"/>
  <system-out/>
</testsuite> <!-- com.obsqura.TestNGframework.AssertionA -->
