<?xml version="1.0" encoding="UTF-8"?>
<!-- Generated by org.testng.reporters.JUnitReportReporter -->
<testsuite hostname="5CG9378HNN" failures="0" tests="1" name="com.obsqura.TestNGframework.PopUp" time="12.220" errors="0" timestamp="2023-07-18T21:35:56 IST" skipped="0">
  <testcase classname="com.obsqura.TestNGframework.PopUp" name="popUp" time="12.220"/>
  <system-out/>
</testsuite> <!-- com.obsqura.TestNGframework.PopUp -->
