<?xml version="1.0" encoding="UTF-8"?>
<!-- Generated by org.testng.reporters.JUnitReportReporter -->
<testsuite hostname="5CG9378HNN" failures="0" tests="2" name="com.obsqura.TestNGframework.TestNGannotation" time="28.440" errors="0" timestamp="2023-07-05T22:59:35 IST" skipped="0">
  <testcase classname="com.obsqura.TestNGframework.TestNGannotation" name="testCase2" time="23.087"/>
  <system-out/>
  <testcase classname="com.obsqura.TestNGframework.TestNGannotation" name="testCase1" time="5.353"/>
  <system-out/>
</testsuite> <!-- com.obsqura.TestNGframework.TestNGannotation -->
