<?xml version="1.0" encoding="UTF-8"?>
<!-- Generated by org.testng.reporters.JUnitReportReporter -->
<testsuite hostname="5CG9378HNN" failures="0" tests="1" name="com.obsqura.TestNGframework.LocatorTime" time="6.290" errors="0" timestamp="2023-07-13T18:15:48 IST" skipped="0">
  <testcase classname="com.obsqura.TestNGframework.LocatorTime" name="locateByXpath" time="6.290"/>
  <system-out/>
</testsuite> <!-- com.obsqura.TestNGframework.LocatorTime -->
