<?xml version="1.0" encoding="UTF-8"?>
<!-- Generated by org.testng.reporters.JUnitReportReporter -->
<testsuite hostname="5CG9378HNN" failures="0" tests="1" name="com.obsqura.TestNGframework.iFrame" time="15.952" errors="0" timestamp="2023-07-19T12:01:22 IST" skipped="0">
  <testcase classname="com.obsqura.TestNGframework.iFrame" name="iframe" time="15.952"/>
  <system-out/>
</testsuite> <!-- com.obsqura.TestNGframework.iFrame -->
