<?xml version="1.0" encoding="UTF-8"?>
<!-- Generated by org.testng.reporters.JUnitReportReporter -->
<testsuite hostname="5CG9378HNN" failures="0" tests="1" name="com.obsqura.TestNGframework.Alerts" time="5.891" errors="0" timestamp="2023-07-16T23:19:19 IST" skipped="0">
  <testcase classname="com.obsqura.TestNGframework.Alerts" name="confirmAlert" time="5.891"/>
  <system-out/>
</testsuite> <!-- com.obsqura.TestNGframework.Alerts -->
