<?xml version="1.0" encoding="UTF-8"?>
<!-- Generated by org.testng.reporters.JUnitReportReporter -->
<testsuite hostname="5CG9378HNN" failures="0" tests="1" name="com.obsqura.TestNGframework.Dropdown" time="10.232" errors="0" timestamp="2023-07-13T08:03:30 IST" skipped="0">
  <testcase classname="com.obsqura.TestNGframework.Dropdown" name="dropDownUsingSelectClass" time="10.232"/>
  <system-out/>
</testsuite> <!-- com.obsqura.TestNGframework.Dropdown -->
